build/app/outputs/mapping/release/mapping.txt
# compiler: R8
# compiler_version: 1.5.64
# min_api: 21
# pg_map_id: e0566f2
com.example.crimer.MainActivity -> com.example.crimer.MainActivity:
    void configureFlutterEngine(io.flutter.embedding.engine.FlutterEngine) -> b
...
io.grpc.ClientStreamTracer$InternalLimitedInfoFactory -> c.b.l$b:
io.grpc.ClientStreamTracer$StreamInfo -> c.b.l$c:
    io.grpc.Attributes transportAttrs -> a
    int previousAttempts -> c
    io.grpc.CallOptions callOptions -> b
    boolean isTransparentRetry -> d
    io.grpc.ClientStreamTracer$StreamInfo$Builder toBuilder() -> a
    io.grpc.ClientStreamTracer$StreamInfo$Builder newBuilder() -> b
io.grpc.ClientStreamTracer$StreamInfo$Builder -> c.b.l$c$a:
    io.grpc.Attributes transportAttrs -> a
    int previousAttempts -> c
    io.grpc.CallOptions callOptions -> b
    boolean isTransparentRetry -> d
    io.grpc.ClientStreamTracer$StreamInfo build() -> a
    io.grpc.ClientStreamTracer$StreamInfo$Builder setCallOptions(io.grpc.CallOptions) -> a
    io.grpc.ClientStreamTracer$StreamInfo$Builder setIsTransparentRetry(boolean) -> a
    io.grpc.ClientStreamTracer$StreamInfo$Builder setPreviousAttempts(int) -> a
    io.grpc.ClientStreamTracer$StreamInfo$Builder setTransportAttrs(io.grpc.Attributes) -> a
io.grpc.Codec -> c.b.m:
io.grpc.Codec$Gzip -> c.b.m$a:
    java.io.OutputStream compress(java.io.OutputStream) -> a
    java.io.InputStream decompress(java.io.InputStream) -> a
    java.lang.String getMessageEncoding() -> a
io.grpc.Codec$Identity -> c.b.m$b:
    io.grpc.Codec NONE -> a
    java.io.OutputStream compress(java.io.OutputStream) -> a
    java.io.InputStream decompress(java.io.InputStream) -> a
    java.lang.String getMessageEncoding() -> a
io.grpc.CompositeCallCredentials -> c.b.n:
    io.grpc.CallCredentials credentials1 -> a
    io.grpc.CallCredentials credentials2 -> b
    io.grpc.CallCredentials access$000(io.grpc.CompositeCallCredentials) -> a
    void applyRequestMetadata(io.grpc.CallCredentials$RequestInfo,java.util.concurrent.Executor,io.grpc.CallCredentials$MetadataApplier) -> a
io.grpc.CompositeCallCredentials$CombiningMetadataApplier -> c.b.n$a:
    io.grpc.CallCredentials$MetadataApplier delegate -> a
    io.grpc.Metadata firstHeaders -> b
    void apply(io.grpc.Metadata) -> a
    void fail(io.grpc.Status) -> a
io.grpc.CompositeCallCredentials$WrappingMetadataApplier -> c.b.n$b:
    io.grpc.Context context -> d
    io.grpc.CallCredentials$MetadataApplier delegate -> c
    java.util.concurrent.Executor appExecutor -> b
    io.grpc.CallCredentials$RequestInfo requestInfo -> a
    io.grpc.CompositeCallCredentials this$0 -> e
    void apply(io.grpc.Metadata) -> a
    void fail(io.grpc.Status) -> a
io.grpc.Compressor -> c.b.o:
    java.io.OutputStream compress(java.io.OutputStream) -> a
    java.lang.String getMessageEncoding() -> a
io.grpc.CompressorRegistry -> c.b.p:
    io.grpc.CompressorRegistry DEFAULT_INSTANCE -> b
    java.util.concurrent.ConcurrentMap compressors -> a
    io.grpc.CompressorRegistry getDefaultInstance() -> a
    io.grpc.Compressor lookupCompressor(java.lang.String) -> a
io.grpc.ConnectivityState -> c.b.q:
    io.grpc.ConnectivityState SHUTDOWN -> g
    io.grpc.ConnectivityState READY -> d
    io.grpc.ConnectivityState[] $VALUES -> h
    io.grpc.ConnectivityState CONNECTING -> c
    io.grpc.ConnectivityState IDLE -> f
    io.grpc.ConnectivityState TRANSIENT_FAILURE -> e
io.grpc.ConnectivityStateInfo -> c.b.r:
    io.grpc.ConnectivityState state -> a
    io.grpc.Status status -> b
    io.grpc.ConnectivityStateInfo forNonError(io.grpc.ConnectivityState) -> a
    io.grpc.ConnectivityStateInfo forTransientFailure(io.grpc.Status) -> a
    io.grpc.ConnectivityState getState() -> a
    io.grpc.Status getStatus() -> b